# JRE version: OpenJDK Runtime Environment (25.0+36) (build 25+36-3489)
# Java VM: OpenJDK 64-Bit Server VM (25+36-3489, mixed mode, sharing, tiered, compressed oops, compressed class ptrs, g1 gc, windows-amd64)
GC Precious Log:
 CardTable entry size: 512
 Card Set container configuration: InlinePtr #cards 5 size 8 Array Of Cards #cards 10 size 36 Howl #buckets 4 coarsen threshold 1843 Howl Bitmap #cards 512 size 80 coarsen threshold 460 Card regions per heap region 1 cards per card region 2048
 CPUs: 12 total, 12 available
 Memory: 8065M
 Large Page Support: Disabled
 NUMA Support: Disabled
 Compressed Oops: Enabled (32-bit)
 Heap Region Size: 1M
 Heap Min Capacity: 8M
 Heap Initial Capacity: 128M
 Heap Max Capacity: 2018M
 Pre-touch: Disabled
 Parallel Workers: 10
 Concurrent Workers: 3
 Concurrent Refinement Workers: 10
 Periodic GC: Disabled
Heap:
 garbage-first heap   total reserved 2066432K, committed 63488K, used 47513K [0x0000000081e00000, 0x0000000100000000)
  region size 1024K, 21 young (21504K), 2 survivors (2048K)
GC Heap Usage History (20 events):
Event: 8.015 {heap Before GC invocations=12 (full 0):
 garbage-first heap   total reserved 2066432K, committed 62464K, used 53607K [0x0000000081e00000, 0x0000000100000000)
  region size 1024K, 28 young (28672K), 4 survivors (4096K)
}
Event: 8.020 {heap After GC invocations=13 (full 0):
 garbage-first heap   total reserved 2066432K, committed 62464K, used 31035K [0x0000000081e00000, 0x0000000100000000)
  region size 1024K, 3 young (3072K), 3 survivors (3072K)
}
Event: 179.469 {heap Before GC invocations=13 (full 0):
 garbage-first heap   total reserved 2066432K, committed 62464K, used 53563K [0x0000000081e00000, 0x0000000100000000)
  region size 1024K, 26 young (26624K), 3 survivors (3072K)
}
Event: 179.504 {heap After GC invocations=14 (full 0):
 garbage-first heap   total reserved 2066432K, committed 62464K, used 34057K [0x0000000081e00000, 0x0000000100000000)
  region size 1024K, 3 young (3072K), 3 survivors (3072K)
}
Event: 1466.025 {heap Before GC invocations=15 (full 0):
 garbage-first heap   total reserved 2066432K, committed 62464K, used 54537K [0x0000000081e00000, 0x0000000100000000)
  region size 1024K, 23 young (23552K), 3 survivors (3072K)
}
Event: 1466.067 {heap After GC invocations=16 (full 0):
 garbage-first heap   total reserved 2066432K, committed 62464K, used 34627K [0x0000000081e00000, 0x0000000100000000)
  region size 1024K, 1 young (1024K), 1 survivors (1024K)
}
Event: 2774.096 {heap Before GC invocations=16 (full 0):
 garbage-first heap   total reserved 2066432K, committed 62464K, used 56131K [0x0000000081e00000, 0x0000000100000000)
  region size 1024K, 22 young (22528K), 1 survivors (1024K)
}
Event: 2774.183 {heap After GC invocations=17 (full 0):
 garbage-first heap   total reserved 2066432K, committed 62464K, used 34663K [0x0000000081e00000, 0x0000000100000000)
  region size 1024K, 2 young (2048K), 2 survivors (2048K)
}
Event: 4027.097 {heap Before GC invocations=17 (full 0):
 garbage-first heap   total reserved 2066432K, committed 62464K, used 55143K [0x0000000081e00000, 0x0000000100000000)
  region size 1024K, 23 young (23552K), 2 survivors (2048K)
}
Event: 4027.146 {heap After GC invocations=18 (full 0):
 garbage-first heap   total reserved 2066432K, committed 62464K, used 34541K [0x0000000081e00000, 0x0000000100000000)
  region size 1024K, 2 young (2048K), 2 survivors (2048K)
}
Event: 5287.053 {heap Before GC invocations=19 (full 0):
 garbage-first heap   total reserved 2066432K, committed 62464K, used 55021K [0x0000000081e00000, 0x0000000100000000)
  region size 1024K, 23 young (23552K), 2 survivors (2048K)
}
Event: 5287.082 {heap After GC invocations=20 (full 0):
 garbage-first heap   total reserved 2066432K, committed 62464K, used 34517K [0x0000000081e00000, 0x0000000100000000)
  region size 1024K, 2 young (2048K), 2 survivors (2048K)
}
Event: 6584.183 {heap Before GC invocations=20 (full 0):
 garbage-first heap   total reserved 2066432K, committed 62464K, used 54997K [0x0000000081e00000, 0x0000000100000000)
  region size 1024K, 23 young (23552K), 2 survivors (2048K)
}
Event: 6584.220 {heap After GC invocations=21 (full 0):
 garbage-first heap   total reserved 2066432K, committed 63488K, used 31299K [0x0000000081e00000, 0x0000000100000000)
  region size 1024K, 2 young (2048K), 2 survivors (2048K)
}
Event: 8117.438 {heap Before GC invocations=21 (full 0):
 garbage-first heap   total reserved 2066432K, committed 63488K, used 56899K [0x0000000081e00000, 0x0000000100000000)
  region size 1024K, 27 young (27648K), 2 survivors (2048K)
}
Event: 8117.502 {heap After GC invocations=22 (full 0):
 garbage-first heap   total reserved 2066432K, committed 63488K, used 30148K [0x0000000081e00000, 0x0000000100000000)
  region size 1024K, 2 young (2048K), 2 survivors (2048K)
}
Event: 9742.305 {heap Before GC invocations=22 (full 0):
 garbage-first heap   total reserved 2066432K, committed 63488K, used 56772K [0x0000000081e00000, 0x0000000100000000)
  region size 1024K, 28 young (28672K), 2 survivors (2048K)
}
Event: 9742.342 {heap After GC invocations=23 (full 0):
 garbage-first heap   total reserved 2066432K, committed 63488K, used 30058K [0x0000000081e00000, 0x0000000100000000)
  region size 1024K, 2 young (2048K), 2 survivors (2048K)
}
Event: 11404.805 {heap Before GC invocations=24 (full 0):
 garbage-first heap   total reserved 2066432K, committed 63488K, used 57706K [0x0000000081e00000, 0x0000000100000000)
  region size 1024K, 29 young (29696K), 2 survivors (2048K)
}
Event: 11404.825 {heap After GC invocations=25 (full 0):
 garbage-first heap   total reserved 2066432K, committed 63488K, used 30105K [0x0000000081e00000, 0x0000000100000000)
  region size 1024K, 2 young (2048K), 2 survivors (2048K)
}

